<?xml version="1.0" encoding="UTF-8"?>
<testsuite xmlns:xsi="http://www.w3.org/2001/XMLSchema-instance" xsi:noNamespaceSchemaLocation="https://maven.apache.org/surefire/maven-surefire-plugin/xsd/surefire-test-report-3.0.xsd" version="3.0" name="com.backend.FaceRecognition.FaceRecognitionApplicationTests" time="8.429" tests="1" errors="0" skipped="0" failures="0">
  <properties>
    <property name="java.specification.version" value="21"/>
    <property name="sun.jnu.encoding" value="UTF-8"/>
    <property name="java.class.path" value="/home/omotola-david-ayanfeoluwa/AttendanceManagementSystem/code/Main/target/test-classes:/home/omotola-david-ayanfeoluwa/AttendanceManagementSystem/code/Main/target/classes:/home/omotola-david-ayanfeoluwa/.m2/repository/com/google/code/gson/gson/2.10.1/gson-2.10.1.jar:/home/omotola-david-ayanfeoluwa/.m2/repository/org/springframework/boot/spring-boot-starter-mail/3.2.0/spring-boot-starter-mail-3.2.0.jar:/home/omotola-david-ayanfeoluwa/.m2/repository/org/springframework/boot/spring-boot-starter/3.2.0/spring-boot-starter-3.2.0.jar:/home/omotola-david-ayanfeoluwa/.m2/repository/org/springframework/boot/spring-boot/3.2.0/spring-boot-3.2.0.jar:/home/omotola-david-ayanfeoluwa/.m2/repository/org/springframework/boot/spring-boot-autoconfigure/3.2.0/spring-boot-autoconfigure-3.2.0.jar:/home/omotola-david-ayanfeoluwa/.m2/repository/org/springframework/boot/spring-boot-starter-logging/3.2.0/spring-boot-starter-logging-3.2.0.jar:/home/omotola-david-ayanfeoluwa/.m2/repository/ch/qos/logback/logback-classic/1.4.11/logback-classic-1.4.11.jar:/home/omotola-david-ayanfeoluwa/.m2/repository/ch/qos/logback/logback-core/1.4.11/logback-core-1.4.11.jar:/home/omotola-david-ayanfeoluwa/.m2/repository/org/apache/logging/log4j/log4j-to-slf4j/2.21.1/log4j-to-slf4j-2.21.1.jar:/home/omotola-david-ayanfeoluwa/.m2/repository/org/slf4j/jul-to-slf4j/2.0.9/jul-to-slf4j-2.0.9.jar:/home/omotola-david-ayanfeoluwa/.m2/repository/jakarta/annotation/jakarta.annotation-api/2.1.1/jakarta.annotation-api-2.1.1.jar:/home/omotola-david-ayanfeoluwa/.m2/repository/org/yaml/snakeyaml/2.2/snakeyaml-2.2.jar:/home/omotola-david-ayanfeoluwa/.m2/repository/org/springframework/spring-context-support/6.1.1/spring-context-support-6.1.1.jar:/home/omotola-david-ayanfeoluwa/.m2/repository/org/springframework/spring-beans/6.1.1/spring-beans-6.1.1.jar:/home/omotola-david-ayanfeoluwa/.m2/repository/org/springframework/spring-context/6.1.1/spring-context-6.1.1.jar:/home/omotola-david-ayanfeoluwa/.m2/repository/org/eclipse/angus/jakarta.mail/2.0.2/jakarta.mail-2.0.2.jar:/home/omotola-david-ayanfeoluwa/.m2/repository/jakarta/activation/jakarta.activation-api/2.1.2/jakarta.activation-api-2.1.2.jar:/home/omotola-david-ayanfeoluwa/.m2/repository/org/eclipse/angus/angus-activation/2.0.1/angus-activation-2.0.1.jar:/home/omotola-david-ayanfeoluwa/.m2/repository/org/springframework/boot/spring-boot-starter-actuator/3.2.0/spring-boot-starter-actuator-3.2.0.jar:/home/omotola-david-ayanfeoluwa/.m2/repository/org/springframework/boot/spring-boot-actuator-autoconfigure/3.2.0/spring-boot-actuator-autoconfigure-3.2.0.jar:/home/omotola-david-ayanfeoluwa/.m2/repository/org/springframework/boot/spring-boot-actuator/3.2.0/spring-boot-actuator-3.2.0.jar:/home/omotola-david-ayanfeoluwa/.m2/repository/io/micrometer/micrometer-observation/1.12.0/micrometer-observation-1.12.0.jar:/home/omotola-david-ayanfeoluwa/.m2/repository/io/micrometer/micrometer-commons/1.12.0/micrometer-commons-1.12.0.jar:/home/omotola-david-ayanfeoluwa/.m2/repository/io/micrometer/micrometer-jakarta9/1.12.0/micrometer-jakarta9-1.12.0.jar:/home/omotola-david-ayanfeoluwa/.m2/repository/io/micrometer/micrometer-core/1.12.0/micrometer-core-1.12.0.jar:/home/omotola-david-ayanfeoluwa/.m2/repository/org/hdrhistogram/HdrHistogram/2.1.12/HdrHistogram-2.1.12.jar:/home/omotola-david-ayanfeoluwa/.m2/repository/org/latencyutils/LatencyUtils/2.0.3/LatencyUtils-2.0.3.jar:/home/omotola-david-ayanfeoluwa/.m2/repository/org/springframework/boot/spring-boot-starter-data-jpa/3.2.0/spring-boot-starter-data-jpa-3.2.0.jar:/home/omotola-david-ayanfeoluwa/.m2/repository/org/springframework/boot/spring-boot-starter-aop/3.2.0/spring-boot-starter-aop-3.2.0.jar:/home/omotola-david-ayanfeoluwa/.m2/repository/org/aspectj/aspectjweaver/1.9.20.1/aspectjweaver-1.9.20.1.jar:/home/omotola-david-ayanfeoluwa/.m2/repository/org/springframework/boot/spring-boot-starter-jdbc/3.2.0/spring-boot-starter-jdbc-3.2.0.jar:/home/omotola-david-ayanfeoluwa/.m2/repository/com/zaxxer/HikariCP/5.0.1/HikariCP-5.0.1.jar:/home/omotola-david-ayanfeoluwa/.m2/repository/org/springframework/spring-jdbc/6.1.1/spring-jdbc-6.1.1.jar:/home/omotola-david-ayanfeoluwa/.m2/repository/org/hibernate/orm/hibernate-core/6.3.1.Final/hibernate-core-6.3.1.Final.jar:/home/omotola-david-ayanfeoluwa/.m2/repository/jakarta/persistence/jakarta.persistence-api/3.1.0/jakarta.persistence-api-3.1.0.jar:/home/omotola-david-ayanfeoluwa/.m2/repository/jakarta/transaction/jakarta.transaction-api/2.0.1/jakarta.transaction-api-2.0.1.jar:/home/omotola-david-ayanfeoluwa/.m2/repository/org/jboss/logging/jboss-logging/3.5.3.Final/jboss-logging-3.5.3.Final.jar:/home/omotola-david-ayanfeoluwa/.m2/repository/org/hibernate/common/hibernate-commons-annotations/6.0.6.Final/hibernate-commons-annotations-6.0.6.Final.jar:/home/omotola-david-ayanfeoluwa/.m2/repository/io/smallrye/jandex/3.1.2/jandex-3.1.2.jar:/home/omotola-david-ayanfeoluwa/.m2/repository/com/fasterxml/classmate/1.6.0/classmate-1.6.0.jar:/home/omotola-david-ayanfeoluwa/.m2/repository/net/bytebuddy/byte-buddy/1.14.10/byte-buddy-1.14.10.jar:/home/omotola-david-ayanfeoluwa/.m2/repository/org/glassfish/jaxb/jaxb-runtime/4.0.4/jaxb-runtime-4.0.4.jar:/home/omotola-david-ayanfeoluwa/.m2/repository/org/glassfish/jaxb/jaxb-core/4.0.4/jaxb-core-4.0.4.jar:/home/omotola-david-ayanfeoluwa/.m2/repository/org/glassfish/jaxb/txw2/4.0.4/txw2-4.0.4.jar:/home/omotola-david-ayanfeoluwa/.m2/repository/com/sun/istack/istack-commons-runtime/4.1.2/istack-commons-runtime-4.1.2.jar:/home/omotola-david-ayanfeoluwa/.m2/repository/jakarta/inject/jakarta.inject-api/2.0.1/jakarta.inject-api-2.0.1.jar:/home/omotola-david-ayanfeoluwa/.m2/repository/org/antlr/antlr4-runtime/4.10.1/antlr4-runtime-4.10.1.jar:/home/omotola-david-ayanfeoluwa/.m2/repository/org/springframework/data/spring-data-jpa/3.2.0/spring-data-jpa-3.2.0.jar:/home/omotola-david-ayanfeoluwa/.m2/repository/org/springframework/data/spring-data-commons/3.2.0/spring-data-commons-3.2.0.jar:/home/omotola-david-ayanfeoluwa/.m2/repository/org/springframework/spring-orm/6.1.1/spring-orm-6.1.1.jar:/home/omotola-david-ayanfeoluwa/.m2/repository/org/springframework/spring-tx/6.1.1/spring-tx-6.1.1.jar:/home/omotola-david-ayanfeoluwa/.m2/repository/org/springframework/spring-aspects/6.1.1/spring-aspects-6.1.1.jar:/home/omotola-david-ayanfeoluwa/.m2/repository/org/springframework/boot/spring-boot-starter-security/3.2.0/spring-boot-starter-security-3.2.0.jar:/home/omotola-david-ayanfeoluwa/.m2/repository/org/springframework/spring-aop/6.1.1/spring-aop-6.1.1.jar:/home/omotola-david-ayanfeoluwa/.m2/repository/org/springframework/security/spring-security-config/6.2.0/spring-security-config-6.2.0.jar:/home/omotola-david-ayanfeoluwa/.m2/repository/org/springframework/security/spring-security-web/6.2.0/spring-security-web-6.2.0.jar:/home/omotola-david-ayanfeoluwa/.m2/repository/org/springframework/spring-expression/6.1.1/spring-expression-6.1.1.jar:/home/omotola-david-ayanfeoluwa/.m2/repository/org/springframework/security/spring-security-test/6.2.0/spring-security-test-6.2.0.jar:/home/omotola-david-ayanfeoluwa/.m2/repository/org/springframework/security/spring-security-core/6.2.0/spring-security-core-6.2.0.jar:/home/omotola-david-ayanfeoluwa/.m2/repository/org/springframework/security/spring-security-crypto/6.2.0/spring-security-crypto-6.2.0.jar:/home/omotola-david-ayanfeoluwa/.m2/repository/org/springframework/spring-core/6.1.1/spring-core-6.1.1.jar:/home/omotola-david-ayanfeoluwa/.m2/repository/org/springframework/spring-jcl/6.1.1/spring-jcl-6.1.1.jar:/home/omotola-david-ayanfeoluwa/.m2/repository/org/springframework/spring-test/6.1.1/spring-test-6.1.1.jar:/home/omotola-david-ayanfeoluwa/.m2/repository/org/postgresql/postgresql/42.2.24/postgresql-42.2.24.jar:/home/omotola-david-ayanfeoluwa/.m2/repository/org/checkerframework/checker-qual/3.5.0/checker-qual-3.5.0.jar:/home/omotola-david-ayanfeoluwa/.m2/repository/com/google/guava/guava/33.0.0-jre/guava-33.0.0-jre.jar:/home/omotola-david-ayanfeoluwa/.m2/repository/com/google/guava/failureaccess/1.0.2/failureaccess-1.0.2.jar:/home/omotola-david-ayanfeoluwa/.m2/repository/com/google/guava/listenablefuture/9999.0-empty-to-avoid-conflict-with-guava/listenablefuture-9999.0-empty-to-avoid-conflict-with-guava.jar:/home/omotola-david-ayanfeoluwa/.m2/repository/com/google/code/findbugs/jsr305/3.0.2/jsr305-3.0.2.jar:/home/omotola-david-ayanfeoluwa/.m2/repository/com/google/errorprone/error_prone_annotations/2.23.0/error_prone_annotations-2.23.0.jar:/home/omotola-david-ayanfeoluwa/.m2/repository/com/google/j2objc/j2objc-annotations/2.8/j2objc-annotations-2.8.jar:/home/omotola-david-ayanfeoluwa/.m2/repository/org/springframework/boot/spring-boot-starter-web/3.2.0/spring-boot-starter-web-3.2.0.jar:/home/omotola-david-ayanfeoluwa/.m2/repository/org/springframework/boot/spring-boot-starter-json/3.2.0/spring-boot-starter-json-3.2.0.jar:/home/omotola-david-ayanfeoluwa/.m2/repository/com/fasterxml/jackson/datatype/jackson-datatype-jdk8/2.15.3/jackson-datatype-jdk8-2.15.3.jar:/home/omotola-david-ayanfeoluwa/.m2/repository/com/fasterxml/jackson/module/jackson-module-parameter-names/2.15.3/jackson-module-parameter-names-2.15.3.jar:/home/omotola-david-ayanfeoluwa/.m2/repository/org/springframework/boot/spring-boot-starter-tomcat/3.2.0/spring-boot-starter-tomcat-3.2.0.jar:/home/omotola-david-ayanfeoluwa/.m2/repository/org/apache/tomcat/embed/tomcat-embed-core/10.1.16/tomcat-embed-core-10.1.16.jar:/home/omotola-david-ayanfeoluwa/.m2/repository/org/apache/tomcat/embed/tomcat-embed-el/10.1.16/tomcat-embed-el-10.1.16.jar:/home/omotola-david-ayanfeoluwa/.m2/repository/org/apache/tomcat/embed/tomcat-embed-websocket/10.1.16/tomcat-embed-websocket-10.1.16.jar:/home/omotola-david-ayanfeoluwa/.m2/repository/org/springframework/spring-web/6.1.1/spring-web-6.1.1.jar:/home/omotola-david-ayanfeoluwa/.m2/repository/org/springframework/spring-webmvc/6.1.1/spring-webmvc-6.1.1.jar:/home/omotola-david-ayanfeoluwa/.m2/repository/io/jsonwebtoken/jjwt-api/0.11.5/jjwt-api-0.11.5.jar:/home/omotola-david-ayanfeoluwa/.m2/repository/io/jsonwebtoken/jjwt-impl/0.11.5/jjwt-impl-0.11.5.jar:/home/omotola-david-ayanfeoluwa/.m2/repository/io/jsonwebtoken/jjwt-jackson/0.11.5/jjwt-jackson-0.11.5.jar:/home/omotola-david-ayanfeoluwa/.m2/repository/com/fasterxml/jackson/core/jackson-databind/2.15.3/jackson-databind-2.15.3.jar:/home/omotola-david-ayanfeoluwa/.m2/repository/org/apache/commons/commons-lang3/3.13.0/commons-lang3-3.13.0.jar:/home/omotola-david-ayanfeoluwa/.m2/repository/org/apache/poi/poi/5.2.5/poi-5.2.5.jar:/home/omotola-david-ayanfeoluwa/.m2/repository/commons-codec/commons-codec/1.16.0/commons-codec-1.16.0.jar:/home/omotola-david-ayanfeoluwa/.m2/repository/org/apache/commons/commons-collections4/4.4/commons-collections4-4.4.jar:/home/omotola-david-ayanfeoluwa/.m2/repository/org/apache/commons/commons-math3/3.6.1/commons-math3-3.6.1.jar:/home/omotola-david-ayanfeoluwa/.m2/repository/commons-io/commons-io/2.15.0/commons-io-2.15.0.jar:/home/omotola-david-ayanfeoluwa/.m2/repository/com/zaxxer/SparseBitSet/1.3/SparseBitSet-1.3.jar:/home/omotola-david-ayanfeoluwa/.m2/repository/org/apache/logging/log4j/log4j-api/2.21.1/log4j-api-2.21.1.jar:/home/omotola-david-ayanfeoluwa/.m2/repository/org/apache/poi/poi-ooxml/5.2.5/poi-ooxml-5.2.5.jar:/home/omotola-david-ayanfeoluwa/.m2/repository/org/apache/poi/poi-ooxml-lite/5.2.5/poi-ooxml-lite-5.2.5.jar:/home/omotola-david-ayanfeoluwa/.m2/repository/org/apache/xmlbeans/xmlbeans/5.2.0/xmlbeans-5.2.0.jar:/home/omotola-david-ayanfeoluwa/.m2/repository/org/apache/commons/commons-compress/1.25.0/commons-compress-1.25.0.jar:/home/omotola-david-ayanfeoluwa/.m2/repository/com/github/virtuald/curvesapi/1.08/curvesapi-1.08.jar:/home/omotola-david-ayanfeoluwa/.m2/repository/org/springframework/boot/spring-boot-starter-test/3.2.0/spring-boot-starter-test-3.2.0.jar:/home/omotola-david-ayanfeoluwa/.m2/repository/org/springframework/boot/spring-boot-test/3.2.0/spring-boot-test-3.2.0.jar:/home/omotola-david-ayanfeoluwa/.m2/repository/org/springframework/boot/spring-boot-test-autoconfigure/3.2.0/spring-boot-test-autoconfigure-3.2.0.jar:/home/omotola-david-ayanfeoluwa/.m2/repository/com/jayway/jsonpath/json-path/2.8.0/json-path-2.8.0.jar:/home/omotola-david-ayanfeoluwa/.m2/repository/jakarta/xml/bind/jakarta.xml.bind-api/4.0.1/jakarta.xml.bind-api-4.0.1.jar:/home/omotola-david-ayanfeoluwa/.m2/repository/net/minidev/json-smart/2.5.0/json-smart-2.5.0.jar:/home/omotola-david-ayanfeoluwa/.m2/repository/net/minidev/accessors-smart/2.5.0/accessors-smart-2.5.0.jar:/home/omotola-david-ayanfeoluwa/.m2/repository/org/ow2/asm/asm/9.3/asm-9.3.jar:/home/omotola-david-ayanfeoluwa/.m2/repository/org/assertj/assertj-core/3.24.2/assertj-core-3.24.2.jar:/home/omotola-david-ayanfeoluwa/.m2/repository/org/awaitility/awaitility/4.2.0/awaitility-4.2.0.jar:/home/omotola-david-ayanfeoluwa/.m2/repository/org/hamcrest/hamcrest/2.2/hamcrest-2.2.jar:/home/omotola-david-ayanfeoluwa/.m2/repository/org/junit/jupiter/junit-jupiter/5.10.1/junit-jupiter-5.10.1.jar:/home/omotola-david-ayanfeoluwa/.m2/repository/org/junit/jupiter/junit-jupiter-api/5.10.1/junit-jupiter-api-5.10.1.jar:/home/omotola-david-ayanfeoluwa/.m2/repository/org/opentest4j/opentest4j/1.3.0/opentest4j-1.3.0.jar:/home/omotola-david-ayanfeoluwa/.m2/repository/org/junit/platform/junit-platform-commons/1.10.1/junit-platform-commons-1.10.1.jar:/home/omotola-david-ayanfeoluwa/.m2/repository/org/apiguardian/apiguardian-api/1.1.2/apiguardian-api-1.1.2.jar:/home/omotola-david-ayanfeoluwa/.m2/repository/org/junit/jupiter/junit-jupiter-params/5.10.1/junit-jupiter-params-5.10.1.jar:/home/omotola-david-ayanfeoluwa/.m2/repository/org/junit/jupiter/junit-jupiter-engine/5.10.1/junit-jupiter-engine-5.10.1.jar:/home/omotola-david-ayanfeoluwa/.m2/repository/org/junit/platform/junit-platform-engine/1.10.1/junit-platform-engine-1.10.1.jar:/home/omotola-david-ayanfeoluwa/.m2/repository/org/mockito/mockito-core/5.7.0/mockito-core-5.7.0.jar:/home/omotola-david-ayanfeoluwa/.m2/repository/net/bytebuddy/byte-buddy-agent/1.14.10/byte-buddy-agent-1.14.10.jar:/home/omotola-david-ayanfeoluwa/.m2/repository/org/objenesis/objenesis/3.3/objenesis-3.3.jar:/home/omotola-david-ayanfeoluwa/.m2/repository/org/mockito/mockito-junit-jupiter/5.7.0/mockito-junit-jupiter-5.7.0.jar:/home/omotola-david-ayanfeoluwa/.m2/repository/org/skyscreamer/jsonassert/1.5.1/jsonassert-1.5.1.jar:/home/omotola-david-ayanfeoluwa/.m2/repository/com/vaadin/external/google/android-json/0.0.20131108.vaadin1/android-json-0.0.20131108.vaadin1.jar:/home/omotola-david-ayanfeoluwa/.m2/repository/org/xmlunit/xmlunit-core/2.9.1/xmlunit-core-2.9.1.jar:/home/omotola-david-ayanfeoluwa/.m2/repository/junit/junit/4.13.2/junit-4.13.2.jar:/home/omotola-david-ayanfeoluwa/.m2/repository/org/hamcrest/hamcrest-core/2.2/hamcrest-core-2.2.jar:/home/omotola-david-ayanfeoluwa/.m2/repository/com/twilio/sdk/twilio/10.0.0-rc.6/twilio-10.0.0-rc.6.jar:/home/omotola-david-ayanfeoluwa/.m2/repository/org/apache/httpcomponents/httpclient/4.5.13/httpclient-4.5.13.jar:/home/omotola-david-ayanfeoluwa/.m2/repository/commons-logging/commons-logging/1.2/commons-logging-1.2.jar:/home/omotola-david-ayanfeoluwa/.m2/repository/org/apache/httpcomponents/httpcore/4.4.16/httpcore-4.4.16.jar:/home/omotola-david-ayanfeoluwa/.m2/repository/com/fasterxml/jackson/core/jackson-core/2.15.3/jackson-core-2.15.3.jar:/home/omotola-david-ayanfeoluwa/.m2/repository/com/fasterxml/jackson/core/jackson-annotations/2.15.3/jackson-annotations-2.15.3.jar:/home/omotola-david-ayanfeoluwa/.m2/repository/com/fasterxml/jackson/datatype/jackson-datatype-jsr310/2.15.3/jackson-datatype-jsr310-2.15.3.jar:/home/omotola-david-ayanfeoluwa/.m2/repository/com/fasterxml/jackson/dataformat/jackson-dataformat-xml/2.15.3/jackson-dataformat-xml-2.15.3.jar:/home/omotola-david-ayanfeoluwa/.m2/repository/org/codehaus/woodstox/stax2-api/4.2.1/stax2-api-4.2.1.jar:/home/omotola-david-ayanfeoluwa/.m2/repository/com/fasterxml/woodstox/woodstox-core/6.5.1/woodstox-core-6.5.1.jar:/home/omotola-david-ayanfeoluwa/.m2/repository/org/slf4j/slf4j-api/2.0.9/slf4j-api-2.0.9.jar:/home/omotola-david-ayanfeoluwa/.m2/repository/org/projectlombok/lombok/1.18.30/lombok-1.18.30.jar:"/>
    <property name="java.vm.vendor" value="Amazon.com Inc."/>
    <property name="sun.arch.data.model" value="64"/>
    <property name="java.vendor.url" value="https://aws.amazon.com/corretto/"/>
    <property name="user.timezone" value="Africa/Lagos"/>
    <property name="org.jboss.logging.provider" value="slf4j"/>
    <property name="os.name" value="Linux"/>
    <property name="java.vm.specification.version" value="21"/>
    <property name="sun.java.launcher" value="SUN_STANDARD"/>
    <property name="user.country" value="US"/>
    <property name="sun.boot.library.path" value="/home/omotola-david-ayanfeoluwa/.jdks/corretto-21.0.4/lib"/>
    <property name="sun.java.command" value="/home/omotola-david-ayanfeoluwa/AttendanceManagementSystem/code/Main/target/surefire/surefirebooter-20241007143832167_3.jar /home/omotola-david-ayanfeoluwa/AttendanceManagementSystem/code/Main/target/surefire 2024-10-07T14-38-32_084-jvmRun1 surefire-20241007143832167_1tmp surefire_0-20241007143832167_2tmp"/>
    <property name="jdk.debug" value="release"/>
    <property name="surefire.test.class.path" value="/home/omotola-david-ayanfeoluwa/AttendanceManagementSystem/code/Main/target/test-classes:/home/omotola-david-ayanfeoluwa/AttendanceManagementSystem/code/Main/target/classes:/home/omotola-david-ayanfeoluwa/.m2/repository/com/google/code/gson/gson/2.10.1/gson-2.10.1.jar:/home/omotola-david-ayanfeoluwa/.m2/repository/org/springframework/boot/spring-boot-starter-mail/3.2.0/spring-boot-starter-mail-3.2.0.jar:/home/omotola-david-ayanfeoluwa/.m2/repository/org/springframework/boot/spring-boot-starter/3.2.0/spring-boot-starter-3.2.0.jar:/home/omotola-david-ayanfeoluwa/.m2/repository/org/springframework/boot/spring-boot/3.2.0/spring-boot-3.2.0.jar:/home/omotola-david-ayanfeoluwa/.m2/repository/org/springframework/boot/spring-boot-autoconfigure/3.2.0/spring-boot-autoconfigure-3.2.0.jar:/home/omotola-david-ayanfeoluwa/.m2/repository/org/springframework/boot/spring-boot-starter-logging/3.2.0/spring-boot-starter-logging-3.2.0.jar:/home/omotola-david-ayanfeoluwa/.m2/repository/ch/qos/logback/logback-classic/1.4.11/logback-classic-1.4.11.jar:/home/omotola-david-ayanfeoluwa/.m2/repository/ch/qos/logback/logback-core/1.4.11/logback-core-1.4.11.jar:/home/omotola-david-ayanfeoluwa/.m2/repository/org/apache/logging/log4j/log4j-to-slf4j/2.21.1/log4j-to-slf4j-2.21.1.jar:/home/omotola-david-ayanfeoluwa/.m2/repository/org/slf4j/jul-to-slf4j/2.0.9/jul-to-slf4j-2.0.9.jar:/home/omotola-david-ayanfeoluwa/.m2/repository/jakarta/annotation/jakarta.annotation-api/2.1.1/jakarta.annotation-api-2.1.1.jar:/home/omotola-david-ayanfeoluwa/.m2/repository/org/yaml/snakeyaml/2.2/snakeyaml-2.2.jar:/home/omotola-david-ayanfeoluwa/.m2/repository/org/springframework/spring-context-support/6.1.1/spring-context-support-6.1.1.jar:/home/omotola-david-ayanfeoluwa/.m2/repository/org/springframework/spring-beans/6.1.1/spring-beans-6.1.1.jar:/home/omotola-david-ayanfeoluwa/.m2/repository/org/springframework/spring-context/6.1.1/spring-context-6.1.1.jar:/home/omotola-david-ayanfeoluwa/.m2/repository/org/eclipse/angus/jakarta.mail/2.0.2/jakarta.mail-2.0.2.jar:/home/omotola-david-ayanfeoluwa/.m2/repository/jakarta/activation/jakarta.activation-api/2.1.2/jakarta.activation-api-2.1.2.jar:/home/omotola-david-ayanfeoluwa/.m2/repository/org/eclipse/angus/angus-activation/2.0.1/angus-activation-2.0.1.jar:/home/omotola-david-ayanfeoluwa/.m2/repository/org/springframework/boot/spring-boot-starter-actuator/3.2.0/spring-boot-starter-actuator-3.2.0.jar:/home/omotola-david-ayanfeoluwa/.m2/repository/org/springframework/boot/spring-boot-actuator-autoconfigure/3.2.0/spring-boot-actuator-autoconfigure-3.2.0.jar:/home/omotola-david-ayanfeoluwa/.m2/repository/org/springframework/boot/spring-boot-actuator/3.2.0/spring-boot-actuator-3.2.0.jar:/home/omotola-david-ayanfeoluwa/.m2/repository/io/micrometer/micrometer-observation/1.12.0/micrometer-observation-1.12.0.jar:/home/omotola-david-ayanfeoluwa/.m2/repository/io/micrometer/micrometer-commons/1.12.0/micrometer-commons-1.12.0.jar:/home/omotola-david-ayanfeoluwa/.m2/repository/io/micrometer/micrometer-jakarta9/1.12.0/micrometer-jakarta9-1.12.0.jar:/home/omotola-david-ayanfeoluwa/.m2/repository/io/micrometer/micrometer-core/1.12.0/micrometer-core-1.12.0.jar:/home/omotola-david-ayanfeoluwa/.m2/repository/org/hdrhistogram/HdrHistogram/2.1.12/HdrHistogram-2.1.12.jar:/home/omotola-david-ayanfeoluwa/.m2/repository/org/latencyutils/LatencyUtils/2.0.3/LatencyUtils-2.0.3.jar:/home/omotola-david-ayanfeoluwa/.m2/repository/org/springframework/boot/spring-boot-starter-data-jpa/3.2.0/spring-boot-starter-data-jpa-3.2.0.jar:/home/omotola-david-ayanfeoluwa/.m2/repository/org/springframework/boot/spring-boot-starter-aop/3.2.0/spring-boot-starter-aop-3.2.0.jar:/home/omotola-david-ayanfeoluwa/.m2/repository/org/aspectj/aspectjweaver/1.9.20.1/aspectjweaver-1.9.20.1.jar:/home/omotola-david-ayanfeoluwa/.m2/repository/org/springframework/boot/spring-boot-starter-jdbc/3.2.0/spring-boot-starter-jdbc-3.2.0.jar:/home/omotola-david-ayanfeoluwa/.m2/repository/com/zaxxer/HikariCP/5.0.1/HikariCP-5.0.1.jar:/home/omotola-david-ayanfeoluwa/.m2/repository/org/springframework/spring-jdbc/6.1.1/spring-jdbc-6.1.1.jar:/home/omotola-david-ayanfeoluwa/.m2/repository/org/hibernate/orm/hibernate-core/6.3.1.Final/hibernate-core-6.3.1.Final.jar:/home/omotola-david-ayanfeoluwa/.m2/repository/jakarta/persistence/jakarta.persistence-api/3.1.0/jakarta.persistence-api-3.1.0.jar:/home/omotola-david-ayanfeoluwa/.m2/repository/jakarta/transaction/jakarta.transaction-api/2.0.1/jakarta.transaction-api-2.0.1.jar:/home/omotola-david-ayanfeoluwa/.m2/repository/org/jboss/logging/jboss-logging/3.5.3.Final/jboss-logging-3.5.3.Final.jar:/home/omotola-david-ayanfeoluwa/.m2/repository/org/hibernate/common/hibernate-commons-annotations/6.0.6.Final/hibernate-commons-annotations-6.0.6.Final.jar:/home/omotola-david-ayanfeoluwa/.m2/repository/io/smallrye/jandex/3.1.2/jandex-3.1.2.jar:/home/omotola-david-ayanfeoluwa/.m2/repository/com/fasterxml/classmate/1.6.0/classmate-1.6.0.jar:/home/omotola-david-ayanfeoluwa/.m2/repository/net/bytebuddy/byte-buddy/1.14.10/byte-buddy-1.14.10.jar:/home/omotola-david-ayanfeoluwa/.m2/repository/org/glassfish/jaxb/jaxb-runtime/4.0.4/jaxb-runtime-4.0.4.jar:/home/omotola-david-ayanfeoluwa/.m2/repository/org/glassfish/jaxb/jaxb-core/4.0.4/jaxb-core-4.0.4.jar:/home/omotola-david-ayanfeoluwa/.m2/repository/org/glassfish/jaxb/txw2/4.0.4/txw2-4.0.4.jar:/home/omotola-david-ayanfeoluwa/.m2/repository/com/sun/istack/istack-commons-runtime/4.1.2/istack-commons-runtime-4.1.2.jar:/home/omotola-david-ayanfeoluwa/.m2/repository/jakarta/inject/jakarta.inject-api/2.0.1/jakarta.inject-api-2.0.1.jar:/home/omotola-david-ayanfeoluwa/.m2/repository/org/antlr/antlr4-runtime/4.10.1/antlr4-runtime-4.10.1.jar:/home/omotola-david-ayanfeoluwa/.m2/repository/org/springframework/data/spring-data-jpa/3.2.0/spring-data-jpa-3.2.0.jar:/home/omotola-david-ayanfeoluwa/.m2/repository/org/springframework/data/spring-data-commons/3.2.0/spring-data-commons-3.2.0.jar:/home/omotola-david-ayanfeoluwa/.m2/repository/org/springframework/spring-orm/6.1.1/spring-orm-6.1.1.jar:/home/omotola-david-ayanfeoluwa/.m2/repository/org/springframework/spring-tx/6.1.1/spring-tx-6.1.1.jar:/home/omotola-david-ayanfeoluwa/.m2/repository/org/springframework/spring-aspects/6.1.1/spring-aspects-6.1.1.jar:/home/omotola-david-ayanfeoluwa/.m2/repository/org/springframework/boot/spring-boot-starter-security/3.2.0/spring-boot-starter-security-3.2.0.jar:/home/omotola-david-ayanfeoluwa/.m2/repository/org/springframework/spring-aop/6.1.1/spring-aop-6.1.1.jar:/home/omotola-david-ayanfeoluwa/.m2/repository/org/springframework/security/spring-security-config/6.2.0/spring-security-config-6.2.0.jar:/home/omotola-david-ayanfeoluwa/.m2/repository/org/springframework/security/spring-security-web/6.2.0/spring-security-web-6.2.0.jar:/home/omotola-david-ayanfeoluwa/.m2/repository/org/springframework/spring-expression/6.1.1/spring-expression-6.1.1.jar:/home/omotola-david-ayanfeoluwa/.m2/repository/org/springframework/security/spring-security-test/6.2.0/spring-security-test-6.2.0.jar:/home/omotola-david-ayanfeoluwa/.m2/repository/org/springframework/security/spring-security-core/6.2.0/spring-security-core-6.2.0.jar:/home/omotola-david-ayanfeoluwa/.m2/repository/org/springframework/security/spring-security-crypto/6.2.0/spring-security-crypto-6.2.0.jar:/home/omotola-david-ayanfeoluwa/.m2/repository/org/springframework/spring-core/6.1.1/spring-core-6.1.1.jar:/home/omotola-david-ayanfeoluwa/.m2/repository/org/springframework/spring-jcl/6.1.1/spring-jcl-6.1.1.jar:/home/omotola-david-ayanfeoluwa/.m2/repository/org/springframework/spring-test/6.1.1/spring-test-6.1.1.jar:/home/omotola-david-ayanfeoluwa/.m2/repository/org/postgresql/postgresql/42.2.24/postgresql-42.2.24.jar:/home/omotola-david-ayanfeoluwa/.m2/repository/org/checkerframework/checker-qual/3.5.0/checker-qual-3.5.0.jar:/home/omotola-david-ayanfeoluwa/.m2/repository/com/google/guava/guava/33.0.0-jre/guava-33.0.0-jre.jar:/home/omotola-david-ayanfeoluwa/.m2/repository/com/google/guava/failureaccess/1.0.2/failureaccess-1.0.2.jar:/home/omotola-david-ayanfeoluwa/.m2/repository/com/google/guava/listenablefuture/9999.0-empty-to-avoid-conflict-with-guava/listenablefuture-9999.0-empty-to-avoid-conflict-with-guava.jar:/home/omotola-david-ayanfeoluwa/.m2/repository/com/google/code/findbugs/jsr305/3.0.2/jsr305-3.0.2.jar:/home/omotola-david-ayanfeoluwa/.m2/repository/com/google/errorprone/error_prone_annotations/2.23.0/error_prone_annotations-2.23.0.jar:/home/omotola-david-ayanfeoluwa/.m2/repository/com/google/j2objc/j2objc-annotations/2.8/j2objc-annotations-2.8.jar:/home/omotola-david-ayanfeoluwa/.m2/repository/org/springframework/boot/spring-boot-starter-web/3.2.0/spring-boot-starter-web-3.2.0.jar:/home/omotola-david-ayanfeoluwa/.m2/repository/org/springframework/boot/spring-boot-starter-json/3.2.0/spring-boot-starter-json-3.2.0.jar:/home/omotola-david-ayanfeoluwa/.m2/repository/com/fasterxml/jackson/datatype/jackson-datatype-jdk8/2.15.3/jackson-datatype-jdk8-2.15.3.jar:/home/omotola-david-ayanfeoluwa/.m2/repository/com/fasterxml/jackson/module/jackson-module-parameter-names/2.15.3/jackson-module-parameter-names-2.15.3.jar:/home/omotola-david-ayanfeoluwa/.m2/repository/org/springframework/boot/spring-boot-starter-tomcat/3.2.0/spring-boot-starter-tomcat-3.2.0.jar:/home/omotola-david-ayanfeoluwa/.m2/repository/org/apache/tomcat/embed/tomcat-embed-core/10.1.16/tomcat-embed-core-10.1.16.jar:/home/omotola-david-ayanfeoluwa/.m2/repository/org/apache/tomcat/embed/tomcat-embed-el/10.1.16/tomcat-embed-el-10.1.16.jar:/home/omotola-david-ayanfeoluwa/.m2/repository/org/apache/tomcat/embed/tomcat-embed-websocket/10.1.16/tomcat-embed-websocket-10.1.16.jar:/home/omotola-david-ayanfeoluwa/.m2/repository/org/springframework/spring-web/6.1.1/spring-web-6.1.1.jar:/home/omotola-david-ayanfeoluwa/.m2/repository/org/springframework/spring-webmvc/6.1.1/spring-webmvc-6.1.1.jar:/home/omotola-david-ayanfeoluwa/.m2/repository/io/jsonwebtoken/jjwt-api/0.11.5/jjwt-api-0.11.5.jar:/home/omotola-david-ayanfeoluwa/.m2/repository/io/jsonwebtoken/jjwt-impl/0.11.5/jjwt-impl-0.11.5.jar:/home/omotola-david-ayanfeoluwa/.m2/repository/io/jsonwebtoken/jjwt-jackson/0.11.5/jjwt-jackson-0.11.5.jar:/home/omotola-david-ayanfeoluwa/.m2/repository/com/fasterxml/jackson/core/jackson-databind/2.15.3/jackson-databind-2.15.3.jar:/home/omotola-david-ayanfeoluwa/.m2/repository/org/apache/commons/commons-lang3/3.13.0/commons-lang3-3.13.0.jar:/home/omotola-david-ayanfeoluwa/.m2/repository/org/apache/poi/poi/5.2.5/poi-5.2.5.jar:/home/omotola-david-ayanfeoluwa/.m2/repository/commons-codec/commons-codec/1.16.0/commons-codec-1.16.0.jar:/home/omotola-david-ayanfeoluwa/.m2/repository/org/apache/commons/commons-collections4/4.4/commons-collections4-4.4.jar:/home/omotola-david-ayanfeoluwa/.m2/repository/org/apache/commons/commons-math3/3.6.1/commons-math3-3.6.1.jar:/home/omotola-david-ayanfeoluwa/.m2/repository/commons-io/commons-io/2.15.0/commons-io-2.15.0.jar:/home/omotola-david-ayanfeoluwa/.m2/repository/com/zaxxer/SparseBitSet/1.3/SparseBitSet-1.3.jar:/home/omotola-david-ayanfeoluwa/.m2/repository/org/apache/logging/log4j/log4j-api/2.21.1/log4j-api-2.21.1.jar:/home/omotola-david-ayanfeoluwa/.m2/repository/org/apache/poi/poi-ooxml/5.2.5/poi-ooxml-5.2.5.jar:/home/omotola-david-ayanfeoluwa/.m2/repository/org/apache/poi/poi-ooxml-lite/5.2.5/poi-ooxml-lite-5.2.5.jar:/home/omotola-david-ayanfeoluwa/.m2/repository/org/apache/xmlbeans/xmlbeans/5.2.0/xmlbeans-5.2.0.jar:/home/omotola-david-ayanfeoluwa/.m2/repository/org/apache/commons/commons-compress/1.25.0/commons-compress-1.25.0.jar:/home/omotola-david-ayanfeoluwa/.m2/repository/com/github/virtuald/curvesapi/1.08/curvesapi-1.08.jar:/home/omotola-david-ayanfeoluwa/.m2/repository/org/springframework/boot/spring-boot-starter-test/3.2.0/spring-boot-starter-test-3.2.0.jar:/home/omotola-david-ayanfeoluwa/.m2/repository/org/springframework/boot/spring-boot-test/3.2.0/spring-boot-test-3.2.0.jar:/home/omotola-david-ayanfeoluwa/.m2/repository/org/springframework/boot/spring-boot-test-autoconfigure/3.2.0/spring-boot-test-autoconfigure-3.2.0.jar:/home/omotola-david-ayanfeoluwa/.m2/repository/com/jayway/jsonpath/json-path/2.8.0/json-path-2.8.0.jar:/home/omotola-david-ayanfeoluwa/.m2/repository/jakarta/xml/bind/jakarta.xml.bind-api/4.0.1/jakarta.xml.bind-api-4.0.1.jar:/home/omotola-david-ayanfeoluwa/.m2/repository/net/minidev/json-smart/2.5.0/json-smart-2.5.0.jar:/home/omotola-david-ayanfeoluwa/.m2/repository/net/minidev/accessors-smart/2.5.0/accessors-smart-2.5.0.jar:/home/omotola-david-ayanfeoluwa/.m2/repository/org/ow2/asm/asm/9.3/asm-9.3.jar:/home/omotola-david-ayanfeoluwa/.m2/repository/org/assertj/assertj-core/3.24.2/assertj-core-3.24.2.jar:/home/omotola-david-ayanfeoluwa/.m2/repository/org/awaitility/awaitility/4.2.0/awaitility-4.2.0.jar:/home/omotola-david-ayanfeoluwa/.m2/repository/org/hamcrest/hamcrest/2.2/hamcrest-2.2.jar:/home/omotola-david-ayanfeoluwa/.m2/repository/org/junit/jupiter/junit-jupiter/5.10.1/junit-jupiter-5.10.1.jar:/home/omotola-david-ayanfeoluwa/.m2/repository/org/junit/jupiter/junit-jupiter-api/5.10.1/junit-jupiter-api-5.10.1.jar:/home/omotola-david-ayanfeoluwa/.m2/repository/org/opentest4j/opentest4j/1.3.0/opentest4j-1.3.0.jar:/home/omotola-david-ayanfeoluwa/.m2/repository/org/junit/platform/junit-platform-commons/1.10.1/junit-platform-commons-1.10.1.jar:/home/omotola-david-ayanfeoluwa/.m2/repository/org/apiguardian/apiguardian-api/1.1.2/apiguardian-api-1.1.2.jar:/home/omotola-david-ayanfeoluwa/.m2/repository/org/junit/jupiter/junit-jupiter-params/5.10.1/junit-jupiter-params-5.10.1.jar:/home/omotola-david-ayanfeoluwa/.m2/repository/org/junit/jupiter/junit-jupiter-engine/5.10.1/junit-jupiter-engine-5.10.1.jar:/home/omotola-david-ayanfeoluwa/.m2/repository/org/junit/platform/junit-platform-engine/1.10.1/junit-platform-engine-1.10.1.jar:/home/omotola-david-ayanfeoluwa/.m2/repository/org/mockito/mockito-core/5.7.0/mockito-core-5.7.0.jar:/home/omotola-david-ayanfeoluwa/.m2/repository/net/bytebuddy/byte-buddy-agent/1.14.10/byte-buddy-agent-1.14.10.jar:/home/omotola-david-ayanfeoluwa/.m2/repository/org/objenesis/objenesis/3.3/objenesis-3.3.jar:/home/omotola-david-ayanfeoluwa/.m2/repository/org/mockito/mockito-junit-jupiter/5.7.0/mockito-junit-jupiter-5.7.0.jar:/home/omotola-david-ayanfeoluwa/.m2/repository/org/skyscreamer/jsonassert/1.5.1/jsonassert-1.5.1.jar:/home/omotola-david-ayanfeoluwa/.m2/repository/com/vaadin/external/google/android-json/0.0.20131108.vaadin1/android-json-0.0.20131108.vaadin1.jar:/home/omotola-david-ayanfeoluwa/.m2/repository/org/xmlunit/xmlunit-core/2.9.1/xmlunit-core-2.9.1.jar:/home/omotola-david-ayanfeoluwa/.m2/repository/junit/junit/4.13.2/junit-4.13.2.jar:/home/omotola-david-ayanfeoluwa/.m2/repository/org/hamcrest/hamcrest-core/2.2/hamcrest-core-2.2.jar:/home/omotola-david-ayanfeoluwa/.m2/repository/com/twilio/sdk/twilio/10.0.0-rc.6/twilio-10.0.0-rc.6.jar:/home/omotola-david-ayanfeoluwa/.m2/repository/org/apache/httpcomponents/httpclient/4.5.13/httpclient-4.5.13.jar:/home/omotola-david-ayanfeoluwa/.m2/repository/commons-logging/commons-logging/1.2/commons-logging-1.2.jar:/home/omotola-david-ayanfeoluwa/.m2/repository/org/apache/httpcomponents/httpcore/4.4.16/httpcore-4.4.16.jar:/home/omotola-david-ayanfeoluwa/.m2/repository/com/fasterxml/jackson/core/jackson-core/2.15.3/jackson-core-2.15.3.jar:/home/omotola-david-ayanfeoluwa/.m2/repository/com/fasterxml/jackson/core/jackson-annotations/2.15.3/jackson-annotations-2.15.3.jar:/home/omotola-david-ayanfeoluwa/.m2/repository/com/fasterxml/jackson/datatype/jackson-datatype-jsr310/2.15.3/jackson-datatype-jsr310-2.15.3.jar:/home/omotola-david-ayanfeoluwa/.m2/repository/com/fasterxml/jackson/dataformat/jackson-dataformat-xml/2.15.3/jackson-dataformat-xml-2.15.3.jar:/home/omotola-david-ayanfeoluwa/.m2/repository/org/codehaus/woodstox/stax2-api/4.2.1/stax2-api-4.2.1.jar:/home/omotola-david-ayanfeoluwa/.m2/repository/com/fasterxml/woodstox/woodstox-core/6.5.1/woodstox-core-6.5.1.jar:/home/omotola-david-ayanfeoluwa/.m2/repository/org/slf4j/slf4j-api/2.0.9/slf4j-api-2.0.9.jar:/home/omotola-david-ayanfeoluwa/.m2/repository/org/projectlombok/lombok/1.18.30/lombok-1.18.30.jar:"/>
    <property name="sun.cpu.endian" value="little"/>
    <property name="user.home" value="/home/omotola-david-ayanfeoluwa"/>
    <property name="user.language" value="en"/>
    <property name="java.specification.vendor" value="Oracle Corporation"/>
    <property name="java.version.date" value="2024-07-16"/>
    <property name="java.home" value="/home/omotola-david-ayanfeoluwa/.jdks/corretto-21.0.4"/>
    <property name="file.separator" value="/"/>
    <property name="basedir" value="/home/omotola-david-ayanfeoluwa/AttendanceManagementSystem/code/Main"/>
    <property name="java.vm.compressedOopsMode" value="Zero based"/>
    <property name="line.separator" value="&#10;"/>
    <property name="java.vm.specification.vendor" value="Oracle Corporation"/>
    <property name="java.specification.name" value="Java Platform API Specification"/>
    <property name="FILE_LOG_CHARSET" value="UTF-8"/>
    <property name="java.awt.headless" value="true"/>
    <property name="surefire.real.class.path" value="/home/omotola-david-ayanfeoluwa/AttendanceManagementSystem/code/Main/target/surefire/surefirebooter-20241007143832167_3.jar"/>
    <property name="sun.management.compiler" value="HotSpot 64-Bit Tiered Compilers"/>
    <property name="java.runtime.version" value="21.0.4+7-LTS"/>
    <property name="user.name" value="omotola-david-ayanfeoluwa"/>
    <property name="stdout.encoding" value="UTF-8"/>
    <property name="path.separator" value=":"/>
    <property name="os.version" value="6.8.0-45-generic"/>
    <property name="java.runtime.name" value="OpenJDK Runtime Environment"/>
    <property name="file.encoding" value="UTF-8"/>
    <property name="java.vm.name" value="OpenJDK 64-Bit Server VM"/>
    <property name="java.vendor.version" value="Corretto-21.0.4.7.1"/>
    <property name="localRepository" value="/home/omotola-david-ayanfeoluwa/.m2/repository"/>
    <property name="java.vendor.url.bug" value="https://github.com/corretto/corretto-21/issues/"/>
    <property name="java.io.tmpdir" value="/tmp"/>
    <property name="com.zaxxer.hikari.pool_number" value="1"/>
    <property name="java.version" value="21.0.4"/>
    <property name="user.dir" value="/home/omotola-david-ayanfeoluwa/AttendanceManagementSystem/code/Main"/>
    <property name="os.arch" value="amd64"/>
    <property name="java.vm.specification.name" value="Java Virtual Machine Specification"/>
    <property name="PID" value="45762"/>
    <property name="CONSOLE_LOG_CHARSET" value="UTF-8"/>
    <property name="native.encoding" value="UTF-8"/>
    <property name="java.library.path" value="/usr/java/packages/lib:/usr/lib64:/lib64:/lib:/usr/lib"/>
    <property name="java.vm.info" value="mixed mode, sharing"/>
    <property name="stderr.encoding" value="UTF-8"/>
    <property name="java.vendor" value="Amazon.com Inc."/>
    <property name="java.vm.version" value="21.0.4+7-LTS"/>
    <property name="sun.io.unicode.encoding" value="UnicodeLittle"/>
    <property name="java.class.version" value="65.0"/>
  </properties>
  <testcase name="contextLoads" classname="com.backend.FaceRecognition.FaceRecognitionApplicationTests" time="0.593">
    <system-out><![CDATA[14:38:32.869 [main] INFO org.springframework.test.context.support.AnnotationConfigContextLoaderUtils -- Could not detect default configuration classes for test class [com.backend.FaceRecognition.FaceRecognitionApplicationTests]: FaceRecognitionApplicationTests does not declare any static, non-private, non-final, nested classes annotated with @Configuration.
14:38:32.969 [main] INFO org.springframework.boot.test.context.SpringBootTestContextBootstrapper -- Found @SpringBootConfiguration com.backend.FaceRecognition.FaceRecognitionApplication for test class com.backend.FaceRecognition.FaceRecognitionApplicationTests

  .   ____          _            __ _ _
 /\\ / ___'_ __ _ _(_)_ __  __ _ \ \ \ \
( ( )\___ | '_ | '_| | '_ \/ _` | \ \ \ \
 \\/  ___)| |_)| | | | | || (_| |  ) ) ) )
  '  |____| .__|_| |_|_| |_\__, | / / / /
 =========|_|==============|___/=/_/_/_/
 :: Spring Boot ::                (v3.2.0)

2024-10-07T14:38:33.291+01:00  INFO 45762 --- [           main] c.b.F.FaceRecognitionApplicationTests    : Starting FaceRecognitionApplicationTests using Java 21.0.4 with PID 45762 (started by omotola-david-ayanfeoluwa in /home/omotola-david-ayanfeoluwa/AttendanceManagementSystem/code/Main)
2024-10-07T14:38:33.292+01:00  INFO 45762 --- [           main] c.b.F.FaceRecognitionApplicationTests    : No active profile set, falling back to 1 default profile: "default"
2024-10-07T14:38:34.288+01:00  INFO 45762 --- [           main] .s.d.r.c.RepositoryConfigurationDelegate : Bootstrapping Spring Data JPA repositories in DEFAULT mode.
2024-10-07T14:38:34.372+01:00  INFO 45762 --- [           main] .s.d.r.c.RepositoryConfigurationDelegate : Finished Spring Data repository scanning in 76 ms. Found 11 JPA repository interfaces.
2024-10-07T14:38:35.258+01:00  INFO 45762 --- [           main] o.hibernate.jpa.internal.util.LogHelper  : HHH000204: Processing PersistenceUnitInfo [name: default]
2024-10-07T14:38:35.351+01:00  INFO 45762 --- [           main] org.hibernate.Version                    : HHH000412: Hibernate ORM core version 6.3.1.Final
2024-10-07T14:38:35.384+01:00  INFO 45762 --- [           main] o.h.c.internal.RegionFactoryInitiator    : HHH000026: Second-level cache disabled
2024-10-07T14:38:35.666+01:00  INFO 45762 --- [           main] o.s.o.j.p.SpringPersistenceUnitInfo      : No LoadTimeWeaver setup: ignoring JPA class transformer
2024-10-07T14:38:35.689+01:00  INFO 45762 --- [           main] com.zaxxer.hikari.HikariDataSource       : HikariPool-1 - Starting...
2024-10-07T14:38:36.045+01:00  INFO 45762 --- [           main] com.zaxxer.hikari.pool.HikariPool        : HikariPool-1 - Added connection org.postgresql.jdbc.PgConnection@2a6dbb7c
2024-10-07T14:38:36.047+01:00  INFO 45762 --- [           main] com.zaxxer.hikari.HikariDataSource       : HikariPool-1 - Start completed.
2024-10-07T14:38:36.085+01:00  WARN 45762 --- [           main] org.hibernate.orm.deprecation            : HHH90000025: PostgreSQLDialect does not need to be specified explicitly using 'hibernate.dialect' (remove the property setting and it will be selected by default)
2024-10-07T14:38:37.150+01:00  INFO 45762 --- [           main] o.h.e.t.j.p.i.JtaPlatformInitiator       : HHH000490: Using JTA platform [org.hibernate.engine.transaction.jta.platform.internal.JBossStandAloneJtaPlatform]
2024-10-07T14:38:37.306+01:00  INFO 45762 --- [           main] j.LocalContainerEntityManagerFactoryBean : Initialized JPA EntityManagerFactory for persistence unit 'default'
2024-10-07T14:38:38.327+01:00  INFO 45762 --- [           main] c.b.F.helper.InitializeBeans             : Initializing Face Recognition Endpoints...
2024-10-07T14:38:38.328+01:00  INFO 45762 --- [           main] c.b.F.helper.InitializeBeans             : Face Recognition Endpoints initialized.
2024-10-07T14:38:38.677+01:00  WARN 45762 --- [           main] JpaBaseConfiguration$JpaWebConfiguration : spring.jpa.open-in-view is enabled by default. Therefore, database queries may be performed during view rendering. Explicitly configure spring.jpa.open-in-view to disable this warning
2024-10-07T14:38:39.212+01:00  INFO 45762 --- [           main] o.s.b.a.e.web.EndpointLinksResolver      : Exposing 1 endpoint(s) beneath base path '/actuator'
2024-10-07T14:38:39.264+01:00  INFO 45762 --- [           main] o.s.s.web.DefaultSecurityFilterChain     : Will secure any request with [org.springframework.security.web.session.DisableEncodeUrlFilter@63cf6497, org.springframework.security.web.context.request.async.WebAsyncManagerIntegrationFilter@3c12f87d, org.springframework.security.web.context.SecurityContextHolderFilter@1435feb6, org.springframework.security.web.header.HeaderWriterFilter@35b8b69f, org.springframework.web.filter.CorsFilter@3207e6de, org.springframework.security.web.authentication.logout.LogoutFilter@7f129873, com.backend.FaceRecognition.security.JwtAuthFilter@49a0fe14, org.springframework.security.web.savedrequest.RequestCacheAwareFilter@5a349644, org.springframework.security.web.servletapi.SecurityContextHolderAwareRequestFilter@135ec43a, org.springframework.security.web.authentication.AnonymousAuthenticationFilter@637bf67c, org.springframework.security.web.session.SessionManagementFilter@66f15ce5, org.springframework.security.web.access.ExceptionTranslationFilter@4ba99bb7, org.springframework.security.web.access.intercept.AuthorizationFilter@6b0f50d8]
2024-10-07T14:38:39.737+01:00  INFO 45762 --- [           main] o.s.d.j.r.query.QueryEnhancerFactory     : Hibernate is in classpath; If applicable, HQL parser will be used.
2024-10-07T14:38:40.296+01:00  INFO 45762 --- [           main] c.b.F.FaceRecognitionApplicationTests    : Started FaceRecognitionApplicationTests in 7.212 seconds (process running for 8.059)
2024-10-07T14:38:40.362+01:00  INFO 45762 --- [           main] c.b.F.helper.InitializeBeans             : Setting up application...
2024-10-07T14:38:40.363+01:00  INFO 45762 --- [           main] c.b.F.helper.InitializeBeans             : Setting up Super Admin...
2024-10-07T14:38:40.477+01:00  INFO 45762 --- [           main] c.b.F.s.a.ApplicationUserService         : Finding user with ID: 0001
2024-10-07T14:38:40.538+01:00  INFO 45762 --- [           main] c.b.F.helper.InitializeBeans             : Super Admin setup complete.
2024-10-07T14:38:40.539+01:00  INFO 45762 --- [           main] c.b.F.helper.InitializeBeans             : Application setup complete.
]]></system-out>
    <system-err><![CDATA[WARNING: A Java agent has been loaded dynamically (/home/omotola-david-ayanfeoluwa/.m2/repository/net/bytebuddy/byte-buddy-agent/1.14.10/byte-buddy-agent-1.14.10.jar)
WARNING: If a serviceability tool is in use, please run with -XX:+EnableDynamicAgentLoading to hide this warning
WARNING: If a serviceability tool is not in use, please run with -Djdk.instrument.traceUsage for more information
WARNING: Dynamic loading of agents will be disallowed by default in a future release
]]></system-err>
  </testcase>
</testsuite>